
*** Running vivado
    with args -log multiplier_toplevel.vds -m64 -product Vivado -mode batch -messageDb vivado.pb -notrace -source multiplier_toplevel.tcl


****** Vivado v2022.2 (64-bit)
  **** SW Build 3671981 on Fri Oct 14 04:59:54 MDT 2022
  **** IP Build 3669848 on Fri Oct 14 08:30:02 MDT 2022
    ** Copyright 1986-2022 Xilinx, Inc. All Rights Reserved.

source multiplier_toplevel.tcl -notrace
Command: read_checkpoint -auto_incremental -incremental /home/ece385user/Documents/ece385/lab4/lab3.srcs/utils_1/imports/synth_1/multiplier_toplevel.dcp
INFO: [Vivado 12-5825] Read reference checkpoint from /home/ece385user/Documents/ece385/lab4/lab3.srcs/utils_1/imports/synth_1/multiplier_toplevel.dcp for incremental synthesis
INFO: [Vivado 12-7989] Please ensure there are no constraint changes
Command: synth_design -top multiplier_toplevel -part xc7s50csga324-1
Starting synth_design
Attempting to get a license for feature 'Synthesis' and/or device 'xc7s50'
INFO: [Common 17-349] Got license for feature 'Synthesis' and/or device 'xc7s50'
INFO: [Device 21-403] Loading part xc7s50csga324-1
INFO: [Designutils 20-5440] No compile time benefit to using incremental synthesis; A full resynthesis will be run
INFO: [Designutils 20-4379] Flow is switching to default flow due to incremental criteria not met. If you would like to alter this behaviour and have the flow terminate instead, please set the following parameter config_implementation {autoIncr.Synth.RejectBehavior Terminate}
INFO: [Synth 8-7079] Multithreading enabled for synth_design using a maximum of 4 processes.
INFO: [Synth 8-7078] Launching helper process for spawning children vivado processes
INFO: [Synth 8-7075] Helper process launched with PID 343297
INFO: [Synth 8-11241] undeclared symbol 'REGCCE', assumed default net type 'wire' [/tools/Xilinx/Vivado/2022.2/data/verilog/src/unimacro/BRAM_SINGLE_MACRO.v:2170]
WARNING: [Synth 8-11121] redeclaration of ANSI port 'q' is not allowed [/home/ece385user/Documents/ece385/lab4/lab3.srcs/sources_1/imports/design_source/sync_debounce.sv:20]
INFO: [Synth 8-11241] undeclared symbol 'x', assumed default net type 'wire' [/home/ece385user/Documents/ece385/lab4/lab3.srcs/sources_1/new/two_comp.sv:12]
INFO: [Synth 8-11241] undeclared symbol 'Reset_SH', assumed default net type 'wire' [/home/ece385user/Documents/ece385/lab4/lab3.srcs/sources_1/new/multiplier_toplevel.sv:65]
INFO: [Synth 8-11241] undeclared symbol 'run_SH', assumed default net type 'wire' [/home/ece385user/Documents/ece385/lab4/lab3.srcs/sources_1/new/multiplier_toplevel.sv:112]
---------------------------------------------------------------------------------
Starting RTL Elaboration : Time (s): cpu = 00:00:03 ; elapsed = 00:00:03 . Memory (MB): peak = 2034.238 ; gain = 371.738 ; free physical = 5207 ; free virtual = 10525
Synthesis current peak Physical Memory [PSS] (MB): peak = 1453.154; parent = 1248.701; children = 204.453
Synthesis current peak Virtual Memory [VSS] (MB): peak = 3009.125; parent = 2034.242; children = 974.883
---------------------------------------------------------------------------------
INFO: [Synth 8-6157] synthesizing module 'multiplier_toplevel' [/home/ece385user/Documents/ece385/lab4/lab3.srcs/sources_1/new/multiplier_toplevel.sv:8]
INFO: [Synth 8-6157] synthesizing module 'two_comp' [/home/ece385user/Documents/ece385/lab4/lab3.srcs/sources_1/new/two_comp.sv:1]
INFO: [Synth 8-6157] synthesizing module 'select_adder' [/home/ece385user/Documents/ece385/lab4/lab3.srcs/sources_1/imports/design_source/select_adder.sv:37]
INFO: [Synth 8-6157] synthesizing module 'ADDER4' [/home/ece385user/Documents/ece385/lab4/lab3.srcs/sources_1/imports/design_source/ripple_adder.sv:8]
INFO: [Synth 8-6157] synthesizing module 'full_adder' [/home/ece385user/Documents/ece385/lab4/lab3.srcs/sources_1/imports/design_source/ripple_adder.sv:1]
INFO: [Synth 8-6155] done synthesizing module 'full_adder' (0#1) [/home/ece385user/Documents/ece385/lab4/lab3.srcs/sources_1/imports/design_source/ripple_adder.sv:1]
INFO: [Synth 8-6155] done synthesizing module 'ADDER4' (0#1) [/home/ece385user/Documents/ece385/lab4/lab3.srcs/sources_1/imports/design_source/ripple_adder.sv:8]
INFO: [Synth 8-6157] synthesizing module 'sel_adder_section' [/home/ece385user/Documents/ece385/lab4/lab3.srcs/sources_1/imports/design_source/select_adder.sv:2]
INFO: [Synth 8-6157] synthesizing module 'mux_8_4' [/home/ece385user/Documents/ece385/lab4/lab3.srcs/sources_1/new/2-1mux.sv:23]
INFO: [Synth 8-6155] done synthesizing module 'mux_8_4' (0#1) [/home/ece385user/Documents/ece385/lab4/lab3.srcs/sources_1/new/2-1mux.sv:23]
INFO: [Synth 8-6155] done synthesizing module 'sel_adder_section' (0#1) [/home/ece385user/Documents/ece385/lab4/lab3.srcs/sources_1/imports/design_source/select_adder.sv:2]
INFO: [Synth 8-6155] done synthesizing module 'select_adder' (0#1) [/home/ece385user/Documents/ece385/lab4/lab3.srcs/sources_1/imports/design_source/select_adder.sv:37]
WARNING: [Synth 8-689] width (17) of port connection 's' does not match port width (16) of module 'select_adder' [/home/ece385user/Documents/ece385/lab4/lab3.srcs/sources_1/new/two_comp.sv:11]
INFO: [Synth 8-6155] done synthesizing module 'two_comp' (0#1) [/home/ece385user/Documents/ece385/lab4/lab3.srcs/sources_1/new/two_comp.sv:1]
INFO: [Synth 8-6157] synthesizing module 'mux' [/home/ece385user/Documents/ece385/lab4/lab3.srcs/sources_1/new/mux.sv:24]
	Parameter DATA_WIDTH bound to: 8 - type: integer 
INFO: [Synth 8-6155] done synthesizing module 'mux' (0#1) [/home/ece385user/Documents/ece385/lab4/lab3.srcs/sources_1/new/mux.sv:24]
WARNING: [Synth 8-7071] port 'cout' of module 'select_adder' is unconnected for instance 'adder' [/home/ece385user/Documents/ece385/lab4/lab3.srcs/sources_1/new/multiplier_toplevel.sv:54]
WARNING: [Synth 8-7023] instance 'adder' of module 'select_adder' has 5 connections declared, but only 4 given [/home/ece385user/Documents/ece385/lab4/lab3.srcs/sources_1/new/multiplier_toplevel.sv:54]
INFO: [Synth 8-6157] synthesizing module 'load_reg' [/home/ece385user/Documents/ece385/lab4/lab3.srcs/sources_1/imports/design_source/load_reg.sv:1]
	Parameter DATA_WIDTH bound to: 8 - type: integer 
INFO: [Synth 8-6155] done synthesizing module 'load_reg' (0#1) [/home/ece385user/Documents/ece385/lab4/lab3.srcs/sources_1/imports/design_source/load_reg.sv:1]
INFO: [Synth 8-6157] synthesizing module 'load_reg__parameterized0' [/home/ece385user/Documents/ece385/lab4/lab3.srcs/sources_1/imports/design_source/load_reg.sv:1]
	Parameter DATA_WIDTH bound to: 3 - type: integer 
INFO: [Synth 8-6155] done synthesizing module 'load_reg__parameterized0' (0#1) [/home/ece385user/Documents/ece385/lab4/lab3.srcs/sources_1/imports/design_source/load_reg.sv:1]
WARNING: [Synth 8-689] width (1) of port connection 'data_q' does not match port width (3) of module 'load_reg__parameterized0' [/home/ece385user/Documents/ece385/lab4/lab3.srcs/sources_1/new/multiplier_toplevel.sv:79]
INFO: [Synth 8-6157] synthesizing module 'hex_driver' [/home/ece385user/Documents/ece385/lab4/lab3.srcs/sources_1/imports/design_source/hex_driver.sv:1]
INFO: [Synth 8-6157] synthesizing module 'nibble_to_hex' [/home/ece385user/Documents/ece385/lab4/lab3.srcs/sources_1/imports/design_source/hex_driver.sv:11]
INFO: [Synth 8-6155] done synthesizing module 'nibble_to_hex' (0#1) [/home/ece385user/Documents/ece385/lab4/lab3.srcs/sources_1/imports/design_source/hex_driver.sv:11]
INFO: [Synth 8-6157] synthesizing module 'nibble_to_hex' [/home/ece385user/Documents/ece385/lab4/lab3.srcs/sources_1/imports/design_source/hex_driver.sv:11]
INFO: [Synth 8-6155] done synthesizing module 'nibble_to_hex' (0#1) [/home/ece385user/Documents/ece385/lab4/lab3.srcs/sources_1/imports/design_source/hex_driver.sv:11]
INFO: [Synth 8-6157] synthesizing module 'nibble_to_hex' [/home/ece385user/Documents/ece385/lab4/lab3.srcs/sources_1/imports/design_source/hex_driver.sv:11]
INFO: [Synth 8-6155] done synthesizing module 'nibble_to_hex' (0#1) [/home/ece385user/Documents/ece385/lab4/lab3.srcs/sources_1/imports/design_source/hex_driver.sv:11]
INFO: [Synth 8-6157] synthesizing module 'nibble_to_hex' [/home/ece385user/Documents/ece385/lab4/lab3.srcs/sources_1/imports/design_source/hex_driver.sv:11]
INFO: [Synth 8-6155] done synthesizing module 'nibble_to_hex' (0#1) [/home/ece385user/Documents/ece385/lab4/lab3.srcs/sources_1/imports/design_source/hex_driver.sv:11]
INFO: [Synth 8-6155] done synthesizing module 'hex_driver' (0#1) [/home/ece385user/Documents/ece385/lab4/lab3.srcs/sources_1/imports/design_source/hex_driver.sv:1]
INFO: [Synth 8-6157] synthesizing module 'sync_debounce' [/home/ece385user/Documents/ece385/lab4/lab3.srcs/sources_1/imports/design_source/sync_debounce.sv:13]
INFO: [Synth 8-6155] done synthesizing module 'sync_debounce' (0#1) [/home/ece385user/Documents/ece385/lab4/lab3.srcs/sources_1/imports/design_source/sync_debounce.sv:13]
INFO: [Synth 8-6157] synthesizing module 'ShiftCounter' [/home/ece385user/Documents/ece385/lab4/lab3.srcs/sources_1/new/ShiftCounter.sv:2]
INFO: [Synth 8-294] found qualifier unique on case statement: implementing as parallel_case [/home/ece385user/Documents/ece385/lab4/lab3.srcs/sources_1/new/ShiftCounter.sv:27]
INFO: [Synth 8-6155] done synthesizing module 'ShiftCounter' (0#1) [/home/ece385user/Documents/ece385/lab4/lab3.srcs/sources_1/new/ShiftCounter.sv:2]
INFO: [Synth 8-6157] synthesizing module 'control' [/home/ece385user/Documents/ece385/lab4/lab3.srcs/sources_1/new/control.sv:3]
INFO: [Synth 8-294] found qualifier unique on case statement: implementing as parallel_case [/home/ece385user/Documents/ece385/lab4/lab3.srcs/sources_1/new/control.sv:30]
INFO: [Synth 8-6155] done synthesizing module 'control' (0#1) [/home/ece385user/Documents/ece385/lab4/lab3.srcs/sources_1/new/control.sv:3]
WARNING: [Synth 8-7071] port 'LoadB' of module 'control' is unconnected for instance 'controlMachine' [/home/ece385user/Documents/ece385/lab4/lab3.srcs/sources_1/new/multiplier_toplevel.sv:125]
WARNING: [Synth 8-7023] instance 'controlMachine' of module 'control' has 9 connections declared, but only 8 given [/home/ece385user/Documents/ece385/lab4/lab3.srcs/sources_1/new/multiplier_toplevel.sv:125]
INFO: [Synth 8-6155] done synthesizing module 'multiplier_toplevel' (0#1) [/home/ece385user/Documents/ece385/lab4/lab3.srcs/sources_1/new/multiplier_toplevel.sv:8]
WARNING: [Synth 8-3848] Net cout in module/entity select_adder does not have driver. [/home/ece385user/Documents/ece385/lab4/lab3.srcs/sources_1/imports/design_source/select_adder.sv:43]
ERROR: [Synth 8-87] always_comb on 'ShiftCount_reg' did not result in combinational logic [/home/ece385user/Documents/ece385/lab4/lab3.srcs/sources_1/new/ShiftCounter.sv:30]
ERROR: [Synth 8-87] always_comb on 'LoadA_reg' did not result in combinational logic [/home/ece385user/Documents/ece385/lab4/lab3.srcs/sources_1/new/control.sv:33]
ERROR: [Synth 8-87] always_comb on 'LoadB_reg' did not result in combinational logic [/home/ece385user/Documents/ece385/lab4/lab3.srcs/sources_1/new/control.sv:34]
ERROR: [Synth 8-87] always_comb on 'shift_reg' did not result in combinational logic [/home/ece385user/Documents/ece385/lab4/lab3.srcs/sources_1/new/control.sv:35]
WARNING: [Synth 8-7129] Port cout in module select_adder is either unconnected or has no load
WARNING: [Synth 8-7129] Port cin in module select_adder is either unconnected or has no load
---------------------------------------------------------------------------------
Finished RTL Elaboration : Time (s): cpu = 00:00:04 ; elapsed = 00:00:05 . Memory (MB): peak = 2102.207 ; gain = 439.707 ; free physical = 5221 ; free virtual = 10539
Synthesis current peak Physical Memory [PSS] (MB): peak = 1453.154; parent = 1248.701; children = 204.453
Synthesis current peak Virtual Memory [VSS] (MB): peak = 3077.094; parent = 2102.211; children = 974.883
---------------------------------------------------------------------------------
---------------------------------------------------------------------------------
Start Handling Custom Attributes
---------------------------------------------------------------------------------
---------------------------------------------------------------------------------
Finished Handling Custom Attributes : Time (s): cpu = 00:00:04 ; elapsed = 00:00:05 . Memory (MB): peak = 2120.020 ; gain = 457.520 ; free physical = 5221 ; free virtual = 10539
Synthesis current peak Physical Memory [PSS] (MB): peak = 1453.154; parent = 1248.701; children = 204.453
Synthesis current peak Virtual Memory [VSS] (MB): peak = 3094.906; parent = 2120.023; children = 974.883
---------------------------------------------------------------------------------
---------------------------------------------------------------------------------
Finished RTL Optimization Phase 1 : Time (s): cpu = 00:00:04 ; elapsed = 00:00:05 . Memory (MB): peak = 2120.020 ; gain = 457.520 ; free physical = 5221 ; free virtual = 10539
Synthesis current peak Physical Memory [PSS] (MB): peak = 1453.154; parent = 1248.701; children = 204.453
Synthesis current peak Virtual Memory [VSS] (MB): peak = 3094.906; parent = 2120.023; children = 974.883
---------------------------------------------------------------------------------
Netlist sorting complete. Time (s): cpu = 00:00:00 ; elapsed = 00:00:00 . Memory (MB): peak = 2120.020 ; gain = 0.000 ; free physical = 5221 ; free virtual = 10539
INFO: [Project 1-570] Preparing netlist for logic optimization

Processing XDC Constraints
Initializing timing engine
Parsing XDC File [/home/ece385user/Documents/ece385/lab4/lab3.srcs/constrs_1/imports/pin_assignment/top.xdc]
WARNING: [Vivado 12-584] No ports matched 'sw_i[15]'. [/home/ece385user/Documents/ece385/lab4/lab3.srcs/constrs_1/imports/pin_assignment/top.xdc:1]
CRITICAL WARNING: [Common 17-55] 'set_property' expects at least one object. [/home/ece385user/Documents/ece385/lab4/lab3.srcs/constrs_1/imports/pin_assignment/top.xdc:1]
Resolution: If [get_<value>] was used to populate the object, check to make sure this command returns at least one valid object.
WARNING: [Vivado 12-584] No ports matched 'sw_i[14]'. [/home/ece385user/Documents/ece385/lab4/lab3.srcs/constrs_1/imports/pin_assignment/top.xdc:2]
CRITICAL WARNING: [Common 17-55] 'set_property' expects at least one object. [/home/ece385user/Documents/ece385/lab4/lab3.srcs/constrs_1/imports/pin_assignment/top.xdc:2]
Resolution: If [get_<value>] was used to populate the object, check to make sure this command returns at least one valid object.
WARNING: [Vivado 12-584] No ports matched 'sw_i[13]'. [/home/ece385user/Documents/ece385/lab4/lab3.srcs/constrs_1/imports/pin_assignment/top.xdc:3]
CRITICAL WARNING: [Common 17-55] 'set_property' expects at least one object. [/home/ece385user/Documents/ece385/lab4/lab3.srcs/constrs_1/imports/pin_assignment/top.xdc:3]
Resolution: If [get_<value>] was used to populate the object, check to make sure this command returns at least one valid object.
WARNING: [Vivado 12-584] No ports matched 'sw_i[12]'. [/home/ece385user/Documents/ece385/lab4/lab3.srcs/constrs_1/imports/pin_assignment/top.xdc:4]
CRITICAL WARNING: [Common 17-55] 'set_property' expects at least one object. [/home/ece385user/Documents/ece385/lab4/lab3.srcs/constrs_1/imports/pin_assignment/top.xdc:4]
Resolution: If [get_<value>] was used to populate the object, check to make sure this command returns at least one valid object.
WARNING: [Vivado 12-584] No ports matched 'sw_i[11]'. [/home/ece385user/Documents/ece385/lab4/lab3.srcs/constrs_1/imports/pin_assignment/top.xdc:5]
CRITICAL WARNING: [Common 17-55] 'set_property' expects at least one object. [/home/ece385user/Documents/ece385/lab4/lab3.srcs/constrs_1/imports/pin_assignment/top.xdc:5]
Resolution: If [get_<value>] was used to populate the object, check to make sure this command returns at least one valid object.
WARNING: [Vivado 12-584] No ports matched 'sw_i[10]'. [/home/ece385user/Documents/ece385/lab4/lab3.srcs/constrs_1/imports/pin_assignment/top.xdc:6]
CRITICAL WARNING: [Common 17-55] 'set_property' expects at least one object. [/home/ece385user/Documents/ece385/lab4/lab3.srcs/constrs_1/imports/pin_assignment/top.xdc:6]
Resolution: If [get_<value>] was used to populate the object, check to make sure this command returns at least one valid object.
WARNING: [Vivado 12-584] No ports matched 'sw_i[9]'. [/home/ece385user/Documents/ece385/lab4/lab3.srcs/constrs_1/imports/pin_assignment/top.xdc:7]
CRITICAL WARNING: [Common 17-55] 'set_property' expects at least one object. [/home/ece385user/Documents/ece385/lab4/lab3.srcs/constrs_1/imports/pin_assignment/top.xdc:7]
Resolution: If [get_<value>] was used to populate the object, check to make sure this command returns at least one valid object.
WARNING: [Vivado 12-584] No ports matched 'sw_i[8]'. [/home/ece385user/Documents/ece385/lab4/lab3.srcs/constrs_1/imports/pin_assignment/top.xdc:8]
CRITICAL WARNING: [Common 17-55] 'set_property' expects at least one object. [/home/ece385user/Documents/ece385/lab4/lab3.srcs/constrs_1/imports/pin_assignment/top.xdc:8]
Resolution: If [get_<value>] was used to populate the object, check to make sure this command returns at least one valid object.
WARNING: [Vivado 12-584] No ports matched 'sw_i[8]'. [/home/ece385user/Documents/ece385/lab4/lab3.srcs/constrs_1/imports/pin_assignment/top.xdc:26]
CRITICAL WARNING: [Common 17-55] 'set_property' expects at least one object. [/home/ece385user/Documents/ece385/lab4/lab3.srcs/constrs_1/imports/pin_assignment/top.xdc:26]
Resolution: If [get_<value>] was used to populate the object, check to make sure this command returns at least one valid object.
WARNING: [Vivado 12-584] No ports matched 'sw_i[9]'. [/home/ece385user/Documents/ece385/lab4/lab3.srcs/constrs_1/imports/pin_assignment/top.xdc:27]
CRITICAL WARNING: [Common 17-55] 'set_property' expects at least one object. [/home/ece385user/Documents/ece385/lab4/lab3.srcs/constrs_1/imports/pin_assignment/top.xdc:27]
Resolution: If [get_<value>] was used to populate the object, check to make sure this command returns at least one valid object.
WARNING: [Vivado 12-584] No ports matched 'run_i'. [/home/ece385user/Documents/ece385/lab4/lab3.srcs/constrs_1/imports/pin_assignment/top.xdc:28]
CRITICAL WARNING: [Common 17-55] 'set_property' expects at least one object. [/home/ece385user/Documents/ece385/lab4/lab3.srcs/constrs_1/imports/pin_assignment/top.xdc:28]
Resolution: If [get_<value>] was used to populate the object, check to make sure this command returns at least one valid object.
WARNING: [Vivado 12-584] No ports matched 'reset'. [/home/ece385user/Documents/ece385/lab4/lab3.srcs/constrs_1/imports/pin_assignment/top.xdc:29]
CRITICAL WARNING: [Common 17-55] 'set_property' expects at least one object. [/home/ece385user/Documents/ece385/lab4/lab3.srcs/constrs_1/imports/pin_assignment/top.xdc:29]
Resolution: If [get_<value>] was used to populate the object, check to make sure this command returns at least one valid object.
WARNING: [Vivado 12-584] No ports matched 'reset'. [/home/ece385user/Documents/ece385/lab4/lab3.srcs/constrs_1/imports/pin_assignment/top.xdc:32]
CRITICAL WARNING: [Common 17-55] 'set_property' expects at least one object. [/home/ece385user/Documents/ece385/lab4/lab3.srcs/constrs_1/imports/pin_assignment/top.xdc:32]
Resolution: If [get_<value>] was used to populate the object, check to make sure this command returns at least one valid object.
WARNING: [Vivado 12-584] No ports matched 'run_i'. [/home/ece385user/Documents/ece385/lab4/lab3.srcs/constrs_1/imports/pin_assignment/top.xdc:33]
CRITICAL WARNING: [Common 17-55] 'set_property' expects at least one object. [/home/ece385user/Documents/ece385/lab4/lab3.srcs/constrs_1/imports/pin_assignment/top.xdc:33]
Resolution: If [get_<value>] was used to populate the object, check to make sure this command returns at least one valid object.
WARNING: [Vivado 12-584] No ports matched 'sign_led'. [/home/ece385user/Documents/ece385/lab4/lab3.srcs/constrs_1/imports/pin_assignment/top.xdc:40]
CRITICAL WARNING: [Common 17-55] 'set_property' expects at least one object. [/home/ece385user/Documents/ece385/lab4/lab3.srcs/constrs_1/imports/pin_assignment/top.xdc:40]
Resolution: If [get_<value>] was used to populate the object, check to make sure this command returns at least one valid object.
WARNING: [Vivado 12-584] No ports matched 'sign_led'. [/home/ece385user/Documents/ece385/lab4/lab3.srcs/constrs_1/imports/pin_assignment/top.xdc:41]
CRITICAL WARNING: [Common 17-55] 'set_property' expects at least one object. [/home/ece385user/Documents/ece385/lab4/lab3.srcs/constrs_1/imports/pin_assignment/top.xdc:41]
Resolution: If [get_<value>] was used to populate the object, check to make sure this command returns at least one valid object.
WARNING: [Vivado 12-584] No ports matched 'hex_grid_a[3]'. [/home/ece385user/Documents/ece385/lab4/lab3.srcs/constrs_1/imports/pin_assignment/top.xdc:42]
CRITICAL WARNING: [Common 17-55] 'set_property' expects at least one object. [/home/ece385user/Documents/ece385/lab4/lab3.srcs/constrs_1/imports/pin_assignment/top.xdc:42]
Resolution: If [get_<value>] was used to populate the object, check to make sure this command returns at least one valid object.
WARNING: [Vivado 12-584] No ports matched 'hex_grid_a[2]'. [/home/ece385user/Documents/ece385/lab4/lab3.srcs/constrs_1/imports/pin_assignment/top.xdc:43]
CRITICAL WARNING: [Common 17-55] 'set_property' expects at least one object. [/home/ece385user/Documents/ece385/lab4/lab3.srcs/constrs_1/imports/pin_assignment/top.xdc:43]
Resolution: If [get_<value>] was used to populate the object, check to make sure this command returns at least one valid object.
WARNING: [Vivado 12-584] No ports matched 'hex_grid_a[1]'. [/home/ece385user/Documents/ece385/lab4/lab3.srcs/constrs_1/imports/pin_assignment/top.xdc:44]
CRITICAL WARNING: [Common 17-55] 'set_property' expects at least one object. [/home/ece385user/Documents/ece385/lab4/lab3.srcs/constrs_1/imports/pin_assignment/top.xdc:44]
Resolution: If [get_<value>] was used to populate the object, check to make sure this command returns at least one valid object.
WARNING: [Vivado 12-584] No ports matched 'hex_grid_a[0]'. [/home/ece385user/Documents/ece385/lab4/lab3.srcs/constrs_1/imports/pin_assignment/top.xdc:45]
CRITICAL WARNING: [Common 17-55] 'set_property' expects at least one object. [/home/ece385user/Documents/ece385/lab4/lab3.srcs/constrs_1/imports/pin_assignment/top.xdc:45]
Resolution: If [get_<value>] was used to populate the object, check to make sure this command returns at least one valid object.
WARNING: [Vivado 12-584] No ports matched 'hex_grid_b[3]'. [/home/ece385user/Documents/ece385/lab4/lab3.srcs/constrs_1/imports/pin_assignment/top.xdc:46]
CRITICAL WARNING: [Common 17-55] 'set_property' expects at least one object. [/home/ece385user/Documents/ece385/lab4/lab3.srcs/constrs_1/imports/pin_assignment/top.xdc:46]
Resolution: If [get_<value>] was used to populate the object, check to make sure this command returns at least one valid object.
WARNING: [Vivado 12-584] No ports matched 'hex_grid_b[2]'. [/home/ece385user/Documents/ece385/lab4/lab3.srcs/constrs_1/imports/pin_assignment/top.xdc:47]
CRITICAL WARNING: [Common 17-55] 'set_property' expects at least one object. [/home/ece385user/Documents/ece385/lab4/lab3.srcs/constrs_1/imports/pin_assignment/top.xdc:47]
Resolution: If [get_<value>] was used to populate the object, check to make sure this command returns at least one valid object.
WARNING: [Vivado 12-584] No ports matched 'hex_grid_b[1]'. [/home/ece385user/Documents/ece385/lab4/lab3.srcs/constrs_1/imports/pin_assignment/top.xdc:48]
CRITICAL WARNING: [Common 17-55] 'set_property' expects at least one object. [/home/ece385user/Documents/ece385/lab4/lab3.srcs/constrs_1/imports/pin_assignment/top.xdc:48]
Resolution: If [get_<value>] was used to populate the object, check to make sure this command returns at least one valid object.
WARNING: [Vivado 12-584] No ports matched 'hex_grid_b[0]'. [/home/ece385user/Documents/ece385/lab4/lab3.srcs/constrs_1/imports/pin_assignment/top.xdc:49]
CRITICAL WARNING: [Common 17-55] 'set_property' expects at least one object. [/home/ece385user/Documents/ece385/lab4/lab3.srcs/constrs_1/imports/pin_assignment/top.xdc:49]
Resolution: If [get_<value>] was used to populate the object, check to make sure this command returns at least one valid object.
WARNING: [Vivado 12-584] No ports matched 'hex_seg_a[7]'. [/home/ece385user/Documents/ece385/lab4/lab3.srcs/constrs_1/imports/pin_assignment/top.xdc:50]
CRITICAL WARNING: [Common 17-55] 'set_property' expects at least one object. [/home/ece385user/Documents/ece385/lab4/lab3.srcs/constrs_1/imports/pin_assignment/top.xdc:50]
Resolution: If [get_<value>] was used to populate the object, check to make sure this command returns at least one valid object.
WARNING: [Vivado 12-584] No ports matched 'hex_seg_a[6]'. [/home/ece385user/Documents/ece385/lab4/lab3.srcs/constrs_1/imports/pin_assignment/top.xdc:51]
CRITICAL WARNING: [Common 17-55] 'set_property' expects at least one object. [/home/ece385user/Documents/ece385/lab4/lab3.srcs/constrs_1/imports/pin_assignment/top.xdc:51]
Resolution: If [get_<value>] was used to populate the object, check to make sure this command returns at least one valid object.
WARNING: [Vivado 12-584] No ports matched 'hex_seg_a[5]'. [/home/ece385user/Documents/ece385/lab4/lab3.srcs/constrs_1/imports/pin_assignment/top.xdc:52]
CRITICAL WARNING: [Common 17-55] 'set_property' expects at least one object. [/home/ece385user/Documents/ece385/lab4/lab3.srcs/constrs_1/imports/pin_assignment/top.xdc:52]
Resolution: If [get_<value>] was used to populate the object, check to make sure this command returns at least one valid object.
WARNING: [Vivado 12-584] No ports matched 'hex_seg_a[4]'. [/home/ece385user/Documents/ece385/lab4/lab3.srcs/constrs_1/imports/pin_assignment/top.xdc:53]
CRITICAL WARNING: [Common 17-55] 'set_property' expects at least one object. [/home/ece385user/Documents/ece385/lab4/lab3.srcs/constrs_1/imports/pin_assignment/top.xdc:53]
Resolution: If [get_<value>] was used to populate the object, check to make sure this command returns at least one valid object.
WARNING: [Vivado 12-584] No ports matched 'hex_seg_a[3]'. [/home/ece385user/Documents/ece385/lab4/lab3.srcs/constrs_1/imports/pin_assignment/top.xdc:54]
CRITICAL WARNING: [Common 17-55] 'set_property' expects at least one object. [/home/ece385user/Documents/ece385/lab4/lab3.srcs/constrs_1/imports/pin_assignment/top.xdc:54]
Resolution: If [get_<value>] was used to populate the object, check to make sure this command returns at least one valid object.
WARNING: [Vivado 12-584] No ports matched 'hex_seg_a[2]'. [/home/ece385user/Documents/ece385/lab4/lab3.srcs/constrs_1/imports/pin_assignment/top.xdc:55]
CRITICAL WARNING: [Common 17-55] 'set_property' expects at least one object. [/home/ece385user/Documents/ece385/lab4/lab3.srcs/constrs_1/imports/pin_assignment/top.xdc:55]
Resolution: If [get_<value>] was used to populate the object, check to make sure this command returns at least one valid object.
WARNING: [Vivado 12-584] No ports matched 'hex_seg_a[1]'. [/home/ece385user/Documents/ece385/lab4/lab3.srcs/constrs_1/imports/pin_assignment/top.xdc:56]
CRITICAL WARNING: [Common 17-55] 'set_property' expects at least one object. [/home/ece385user/Documents/ece385/lab4/lab3.srcs/constrs_1/imports/pin_assignment/top.xdc:56]
Resolution: If [get_<value>] was used to populate the object, check to make sure this command returns at least one valid object.
WARNING: [Vivado 12-584] No ports matched 'hex_seg_a[0]'. [/home/ece385user/Documents/ece385/lab4/lab3.srcs/constrs_1/imports/pin_assignment/top.xdc:57]
CRITICAL WARNING: [Common 17-55] 'set_property' expects at least one object. [/home/ece385user/Documents/ece385/lab4/lab3.srcs/constrs_1/imports/pin_assignment/top.xdc:57]
Resolution: If [get_<value>] was used to populate the object, check to make sure this command returns at least one valid object.
WARNING: [Vivado 12-584] No ports matched 'hex_seg_b[7]'. [/home/ece385user/Documents/ece385/lab4/lab3.srcs/constrs_1/imports/pin_assignment/top.xdc:58]
CRITICAL WARNING: [Common 17-55] 'set_property' expects at least one object. [/home/ece385user/Documents/ece385/lab4/lab3.srcs/constrs_1/imports/pin_assignment/top.xdc:58]
Resolution: If [get_<value>] was used to populate the object, check to make sure this command returns at least one valid object.
WARNING: [Vivado 12-584] No ports matched 'hex_seg_b[6]'. [/home/ece385user/Documents/ece385/lab4/lab3.srcs/constrs_1/imports/pin_assignment/top.xdc:59]
CRITICAL WARNING: [Common 17-55] 'set_property' expects at least one object. [/home/ece385user/Documents/ece385/lab4/lab3.srcs/constrs_1/imports/pin_assignment/top.xdc:59]
Resolution: If [get_<value>] was used to populate the object, check to make sure this command returns at least one valid object.
WARNING: [Vivado 12-584] No ports matched 'hex_seg_b[5]'. [/home/ece385user/Documents/ece385/lab4/lab3.srcs/constrs_1/imports/pin_assignment/top.xdc:60]
CRITICAL WARNING: [Common 17-55] 'set_property' expects at least one object. [/home/ece385user/Documents/ece385/lab4/lab3.srcs/constrs_1/imports/pin_assignment/top.xdc:60]
Resolution: If [get_<value>] was used to populate the object, check to make sure this command returns at least one valid object.
WARNING: [Vivado 12-584] No ports matched 'hex_seg_b[4]'. [/home/ece385user/Documents/ece385/lab4/lab3.srcs/constrs_1/imports/pin_assignment/top.xdc:61]
CRITICAL WARNING: [Common 17-55] 'set_property' expects at least one object. [/home/ece385user/Documents/ece385/lab4/lab3.srcs/constrs_1/imports/pin_assignment/top.xdc:61]
Resolution: If [get_<value>] was used to populate the object, check to make sure this command returns at least one valid object.
WARNING: [Vivado 12-584] No ports matched 'hex_seg_b[3]'. [/home/ece385user/Documents/ece385/lab4/lab3.srcs/constrs_1/imports/pin_assignment/top.xdc:62]
CRITICAL WARNING: [Common 17-55] 'set_property' expects at least one object. [/home/ece385user/Documents/ece385/lab4/lab3.srcs/constrs_1/imports/pin_assignment/top.xdc:62]
Resolution: If [get_<value>] was used to populate the object, check to make sure this command returns at least one valid object.
WARNING: [Vivado 12-584] No ports matched 'hex_seg_b[2]'. [/home/ece385user/Documents/ece385/lab4/lab3.srcs/constrs_1/imports/pin_assignment/top.xdc:63]
CRITICAL WARNING: [Common 17-55] 'set_property' expects at least one object. [/home/ece385user/Documents/ece385/lab4/lab3.srcs/constrs_1/imports/pin_assignment/top.xdc:63]
Resolution: If [get_<value>] was used to populate the object, check to make sure this command returns at least one valid object.
WARNING: [Vivado 12-584] No ports matched 'hex_seg_b[1]'. [/home/ece385user/Documents/ece385/lab4/lab3.srcs/constrs_1/imports/pin_assignment/top.xdc:64]
CRITICAL WARNING: [Common 17-55] 'set_property' expects at least one object. [/home/ece385user/Documents/ece385/lab4/lab3.srcs/constrs_1/imports/pin_assignment/top.xdc:64]
Resolution: If [get_<value>] was used to populate the object, check to make sure this command returns at least one valid object.
WARNING: [Vivado 12-584] No ports matched 'hex_seg_b[0]'. [/home/ece385user/Documents/ece385/lab4/lab3.srcs/constrs_1/imports/pin_assignment/top.xdc:65]
CRITICAL WARNING: [Common 17-55] 'set_property' expects at least one object. [/home/ece385user/Documents/ece385/lab4/lab3.srcs/constrs_1/imports/pin_assignment/top.xdc:65]
Resolution: If [get_<value>] was used to populate the object, check to make sure this command returns at least one valid object.
WARNING: [Vivado 12-584] No ports matched 'hex_grid_a[0]'. [/home/ece385user/Documents/ece385/lab4/lab3.srcs/constrs_1/imports/pin_assignment/top.xdc:66]
CRITICAL WARNING: [Common 17-55] 'set_property' expects at least one object. [/home/ece385user/Documents/ece385/lab4/lab3.srcs/constrs_1/imports/pin_assignment/top.xdc:66]
Resolution: If [get_<value>] was used to populate the object, check to make sure this command returns at least one valid object.
WARNING: [Vivado 12-584] No ports matched 'hex_grid_a[1]'. [/home/ece385user/Documents/ece385/lab4/lab3.srcs/constrs_1/imports/pin_assignment/top.xdc:67]
CRITICAL WARNING: [Common 17-55] 'set_property' expects at least one object. [/home/ece385user/Documents/ece385/lab4/lab3.srcs/constrs_1/imports/pin_assignment/top.xdc:67]
Resolution: If [get_<value>] was used to populate the object, check to make sure this command returns at least one valid object.
WARNING: [Vivado 12-584] No ports matched 'hex_grid_a[2]'. [/home/ece385user/Documents/ece385/lab4/lab3.srcs/constrs_1/imports/pin_assignment/top.xdc:68]
CRITICAL WARNING: [Common 17-55] 'set_property' expects at least one object. [/home/ece385user/Documents/ece385/lab4/lab3.srcs/constrs_1/imports/pin_assignment/top.xdc:68]
Resolution: If [get_<value>] was used to populate the object, check to make sure this command returns at least one valid object.
WARNING: [Vivado 12-584] No ports matched 'hex_grid_a[3]'. [/home/ece385user/Documents/ece385/lab4/lab3.srcs/constrs_1/imports/pin_assignment/top.xdc:69]
CRITICAL WARNING: [Common 17-55] 'set_property' expects at least one object. [/home/ece385user/Documents/ece385/lab4/lab3.srcs/constrs_1/imports/pin_assignment/top.xdc:69]
Resolution: If [get_<value>] was used to populate the object, check to make sure this command returns at least one valid object.
WARNING: [Vivado 12-584] No ports matched 'hex_seg_a[0]'. [/home/ece385user/Documents/ece385/lab4/lab3.srcs/constrs_1/imports/pin_assignment/top.xdc:70]
CRITICAL WARNING: [Common 17-55] 'set_property' expects at least one object. [/home/ece385user/Documents/ece385/lab4/lab3.srcs/constrs_1/imports/pin_assignment/top.xdc:70]
Resolution: If [get_<value>] was used to populate the object, check to make sure this command returns at least one valid object.
WARNING: [Vivado 12-584] No ports matched 'hex_seg_a[1]'. [/home/ece385user/Documents/ece385/lab4/lab3.srcs/constrs_1/imports/pin_assignment/top.xdc:71]
CRITICAL WARNING: [Common 17-55] 'set_property' expects at least one object. [/home/ece385user/Documents/ece385/lab4/lab3.srcs/constrs_1/imports/pin_assignment/top.xdc:71]
Resolution: If [get_<value>] was used to populate the object, check to make sure this command returns at least one valid object.
WARNING: [Vivado 12-584] No ports matched 'hex_seg_a[2]'. [/home/ece385user/Documents/ece385/lab4/lab3.srcs/constrs_1/imports/pin_assignment/top.xdc:72]
CRITICAL WARNING: [Common 17-55] 'set_property' expects at least one object. [/home/ece385user/Documents/ece385/lab4/lab3.srcs/constrs_1/imports/pin_assignment/top.xdc:72]
Resolution: If [get_<value>] was used to populate the object, check to make sure this command returns at least one valid object.
WARNING: [Vivado 12-584] No ports matched 'hex_seg_a[3]'. [/home/ece385user/Documents/ece385/lab4/lab3.srcs/constrs_1/imports/pin_assignment/top.xdc:73]
CRITICAL WARNING: [Common 17-55] 'set_property' expects at least one object. [/home/ece385user/Documents/ece385/lab4/lab3.srcs/constrs_1/imports/pin_assignment/top.xdc:73]
Resolution: If [get_<value>] was used to populate the object, check to make sure this command returns at least one valid object.
WARNING: [Vivado 12-584] No ports matched 'hex_seg_a[4]'. [/home/ece385user/Documents/ece385/lab4/lab3.srcs/constrs_1/imports/pin_assignment/top.xdc:74]
CRITICAL WARNING: [Common 17-55] 'set_property' expects at least one object. [/home/ece385user/Documents/ece385/lab4/lab3.srcs/constrs_1/imports/pin_assignment/top.xdc:74]
Resolution: If [get_<value>] was used to populate the object, check to make sure this command returns at least one valid object.
WARNING: [Vivado 12-584] No ports matched 'hex_seg_a[5]'. [/home/ece385user/Documents/ece385/lab4/lab3.srcs/constrs_1/imports/pin_assignment/top.xdc:75]
CRITICAL WARNING: [Common 17-55] 'set_property' expects at least one object. [/home/ece385user/Documents/ece385/lab4/lab3.srcs/constrs_1/imports/pin_assignment/top.xdc:75]
Resolution: If [get_<value>] was used to populate the object, check to make sure this command returns at least one valid object.
WARNING: [Vivado 12-584] No ports matched 'hex_seg_a[6]'. [/home/ece385user/Documents/ece385/lab4/lab3.srcs/constrs_1/imports/pin_assignment/top.xdc:76]
CRITICAL WARNING: [Common 17-55] 'set_property' expects at least one object. [/home/ece385user/Documents/ece385/lab4/lab3.srcs/constrs_1/imports/pin_assignment/top.xdc:76]
Resolution: If [get_<value>] was used to populate the object, check to make sure this command returns at least one valid object.
WARNING: [Vivado 12-584] No ports matched 'hex_seg_a[7]'. [/home/ece385user/Documents/ece385/lab4/lab3.srcs/constrs_1/imports/pin_assignment/top.xdc:77]
CRITICAL WARNING: [Common 17-55] 'set_property' expects at least one object. [/home/ece385user/Documents/ece385/lab4/lab3.srcs/constrs_1/imports/pin_assignment/top.xdc:77]
Resolution: If [get_<value>] was used to populate the object, check to make sure this command returns at least one valid object.
WARNING: [Vivado 12-584] No ports matched 'hex_seg_b[0]'. [/home/ece385user/Documents/ece385/lab4/lab3.srcs/constrs_1/imports/pin_assignment/top.xdc:78]
CRITICAL WARNING: [Common 17-55] 'set_property' expects at least one object. [/home/ece385user/Documents/ece385/lab4/lab3.srcs/constrs_1/imports/pin_assignment/top.xdc:78]
Resolution: If [get_<value>] was used to populate the object, check to make sure this command returns at least one valid object.
WARNING: [Vivado 12-584] No ports matched 'hex_seg_b[1]'. [/home/ece385user/Documents/ece385/lab4/lab3.srcs/constrs_1/imports/pin_assignment/top.xdc:79]
CRITICAL WARNING: [Common 17-55] 'set_property' expects at least one object. [/home/ece385user/Documents/ece385/lab4/lab3.srcs/constrs_1/imports/pin_assignment/top.xdc:79]
Resolution: If [get_<value>] was used to populate the object, check to make sure this command returns at least one valid object.
WARNING: [Vivado 12-584] No ports matched 'hex_seg_b[2]'. [/home/ece385user/Documents/ece385/lab4/lab3.srcs/constrs_1/imports/pin_assignment/top.xdc:80]
CRITICAL WARNING: [Common 17-55] 'set_property' expects at least one object. [/home/ece385user/Documents/ece385/lab4/lab3.srcs/constrs_1/imports/pin_assignment/top.xdc:80]
Resolution: If [get_<value>] was used to populate the object, check to make sure this command returns at least one valid object.
WARNING: [Vivado 12-584] No ports matched 'hex_seg_b[3]'. [/home/ece385user/Documents/ece385/lab4/lab3.srcs/constrs_1/imports/pin_assignment/top.xdc:81]
CRITICAL WARNING: [Common 17-55] 'set_property' expects at least one object. [/home/ece385user/Documents/ece385/lab4/lab3.srcs/constrs_1/imports/pin_assignment/top.xdc:81]
Resolution: If [get_<value>] was used to populate the object, check to make sure this command returns at least one valid object.
WARNING: [Vivado 12-584] No ports matched 'hex_seg_b[4]'. [/home/ece385user/Documents/ece385/lab4/lab3.srcs/constrs_1/imports/pin_assignment/top.xdc:82]
CRITICAL WARNING: [Common 17-55] 'set_property' expects at least one object. [/home/ece385user/Documents/ece385/lab4/lab3.srcs/constrs_1/imports/pin_assignment/top.xdc:82]
Resolution: If [get_<value>] was used to populate the object, check to make sure this command returns at least one valid object.
WARNING: [Vivado 12-584] No ports matched 'hex_seg_b[5]'. [/home/ece385user/Documents/ece385/lab4/lab3.srcs/constrs_1/imports/pin_assignment/top.xdc:83]
CRITICAL WARNING: [Common 17-55] 'set_property' expects at least one object. [/home/ece385user/Documents/ece385/lab4/lab3.srcs/constrs_1/imports/pin_assignment/top.xdc:83]
Resolution: If [get_<value>] was used to populate the object, check to make sure this command returns at least one valid object.
WARNING: [Vivado 12-584] No ports matched 'hex_seg_b[6]'. [/home/ece385user/Documents/ece385/lab4/lab3.srcs/constrs_1/imports/pin_assignment/top.xdc:84]
CRITICAL WARNING: [Common 17-55] 'set_property' expects at least one object. [/home/ece385user/Documents/ece385/lab4/lab3.srcs/constrs_1/imports/pin_assignment/top.xdc:84]
Resolution: If [get_<value>] was used to populate the object, check to make sure this command returns at least one valid object.
WARNING: [Vivado 12-584] No ports matched 'hex_seg_b[7]'. [/home/ece385user/Documents/ece385/lab4/lab3.srcs/constrs_1/imports/pin_assignment/top.xdc:85]
CRITICAL WARNING: [Common 17-55] 'set_property' expects at least one object. [/home/ece385user/Documents/ece385/lab4/lab3.srcs/constrs_1/imports/pin_assignment/top.xdc:85]
Resolution: If [get_<value>] was used to populate the object, check to make sure this command returns at least one valid object.
WARNING: [Vivado 12-584] No ports matched 'hex_grid_b[0]'. [/home/ece385user/Documents/ece385/lab4/lab3.srcs/constrs_1/imports/pin_assignment/top.xdc:86]
CRITICAL WARNING: [Common 17-55] 'set_property' expects at least one object. [/home/ece385user/Documents/ece385/lab4/lab3.srcs/constrs_1/imports/pin_assignment/top.xdc:86]
Resolution: If [get_<value>] was used to populate the object, check to make sure this command returns at least one valid object.
WARNING: [Vivado 12-584] No ports matched 'hex_grid_b[1]'. [/home/ece385user/Documents/ece385/lab4/lab3.srcs/constrs_1/imports/pin_assignment/top.xdc:87]
CRITICAL WARNING: [Common 17-55] 'set_property' expects at least one object. [/home/ece385user/Documents/ece385/lab4/lab3.srcs/constrs_1/imports/pin_assignment/top.xdc:87]
Resolution: If [get_<value>] was used to populate the object, check to make sure this command returns at least one valid object.
WARNING: [Vivado 12-584] No ports matched 'hex_grid_b[2]'. [/home/ece385user/Documents/ece385/lab4/lab3.srcs/constrs_1/imports/pin_assignment/top.xdc:88]
CRITICAL WARNING: [Common 17-55] 'set_property' expects at least one object. [/home/ece385user/Documents/ece385/lab4/lab3.srcs/constrs_1/imports/pin_assignment/top.xdc:88]
Resolution: If [get_<value>] was used to populate the object, check to make sure this command returns at least one valid object.
WARNING: [Vivado 12-584] No ports matched 'hex_grid_b[3]'. [/home/ece385user/Documents/ece385/lab4/lab3.srcs/constrs_1/imports/pin_assignment/top.xdc:89]
CRITICAL WARNING: [Common 17-55] 'set_property' expects at least one object. [/home/ece385user/Documents/ece385/lab4/lab3.srcs/constrs_1/imports/pin_assignment/top.xdc:89]
Resolution: If [get_<value>] was used to populate the object, check to make sure this command returns at least one valid object.
WARNING: [Vivado 12-584] No ports matched 'sw_i[10]'. [/home/ece385user/Documents/ece385/lab4/lab3.srcs/constrs_1/imports/pin_assignment/top.xdc:90]
CRITICAL WARNING: [Common 17-55] 'set_property' expects at least one object. [/home/ece385user/Documents/ece385/lab4/lab3.srcs/constrs_1/imports/pin_assignment/top.xdc:90]
Resolution: If [get_<value>] was used to populate the object, check to make sure this command returns at least one valid object.
WARNING: [Vivado 12-584] No ports matched 'sw_i[11]'. [/home/ece385user/Documents/ece385/lab4/lab3.srcs/constrs_1/imports/pin_assignment/top.xdc:91]
CRITICAL WARNING: [Common 17-55] 'set_property' expects at least one object. [/home/ece385user/Documents/ece385/lab4/lab3.srcs/constrs_1/imports/pin_assignment/top.xdc:91]
Resolution: If [get_<value>] was used to populate the object, check to make sure this command returns at least one valid object.
WARNING: [Vivado 12-584] No ports matched 'sw_i[12]'. [/home/ece385user/Documents/ece385/lab4/lab3.srcs/constrs_1/imports/pin_assignment/top.xdc:92]
CRITICAL WARNING: [Common 17-55] 'set_property' expects at least one object. [/home/ece385user/Documents/ece385/lab4/lab3.srcs/constrs_1/imports/pin_assignment/top.xdc:92]
Resolution: If [get_<value>] was used to populate the object, check to make sure this command returns at least one valid object.
WARNING: [Vivado 12-584] No ports matched 'sw_i[13]'. [/home/ece385user/Documents/ece385/lab4/lab3.srcs/constrs_1/imports/pin_assignment/top.xdc:93]
CRITICAL WARNING: [Common 17-55] 'set_property' expects at least one object. [/home/ece385user/Documents/ece385/lab4/lab3.srcs/constrs_1/imports/pin_assignment/top.xdc:93]
Resolution: If [get_<value>] was used to populate the object, check to make sure this command returns at least one valid object.
WARNING: [Vivado 12-584] No ports matched 'sw_i[14]'. [/home/ece385user/Documents/ece385/lab4/lab3.srcs/constrs_1/imports/pin_assignment/top.xdc:94]
CRITICAL WARNING: [Common 17-55] 'set_property' expects at least one object. [/home/ece385user/Documents/ece385/lab4/lab3.srcs/constrs_1/imports/pin_assignment/top.xdc:94]
Resolution: If [get_<value>] was used to populate the object, check to make sure this command returns at least one valid object.
WARNING: [Vivado 12-584] No ports matched 'sw_i[15]'. [/home/ece385user/Documents/ece385/lab4/lab3.srcs/constrs_1/imports/pin_assignment/top.xdc:95]
CRITICAL WARNING: [Common 17-55] 'set_property' expects at least one object. [/home/ece385user/Documents/ece385/lab4/lab3.srcs/constrs_1/imports/pin_assignment/top.xdc:95]
Resolution: If [get_<value>] was used to populate the object, check to make sure this command returns at least one valid object.
WARNING: [Vivado 12-507] No nets matched 'run_IBUF'. [/home/ece385user/Documents/ece385/lab4/lab3.srcs/constrs_1/imports/pin_assignment/top.xdc:160]
CRITICAL WARNING: [Common 17-55] 'set_property' expects at least one object. [/home/ece385user/Documents/ece385/lab4/lab3.srcs/constrs_1/imports/pin_assignment/top.xdc:160]
Resolution: If [get_<value>] was used to populate the object, check to make sure this command returns at least one valid object.
WARNING: [Vivado 12-507] No nets matched 'Aout_OBUF[1]'. [/home/ece385user/Documents/ece385/lab4/lab3.srcs/constrs_1/imports/pin_assignment/top.xdc:161]
CRITICAL WARNING: [Common 17-55] 'set_property' expects at least one object. [/home/ece385user/Documents/ece385/lab4/lab3.srcs/constrs_1/imports/pin_assignment/top.xdc:161]
Resolution: If [get_<value>] was used to populate the object, check to make sure this command returns at least one valid object.
WARNING: [Vivado 12-507] No nets matched 'Aout_OBUF[2]'. [/home/ece385user/Documents/ece385/lab4/lab3.srcs/constrs_1/imports/pin_assignment/top.xdc:162]
CRITICAL WARNING: [Common 17-55] 'set_property' expects at least one object. [/home/ece385user/Documents/ece385/lab4/lab3.srcs/constrs_1/imports/pin_assignment/top.xdc:162]
Resolution: If [get_<value>] was used to populate the object, check to make sure this command returns at least one valid object.
WARNING: [Vivado 12-507] No nets matched 'Aout_OBUF[3]'. [/home/ece385user/Documents/ece385/lab4/lab3.srcs/constrs_1/imports/pin_assignment/top.xdc:163]
CRITICAL WARNING: [Common 17-55] 'set_property' expects at least one object. [/home/ece385user/Documents/ece385/lab4/lab3.srcs/constrs_1/imports/pin_assignment/top.xdc:163]
Resolution: If [get_<value>] was used to populate the object, check to make sure this command returns at least one valid object.
WARNING: [Vivado 12-507] No nets matched 'Aout_OBUF[4]'. [/home/ece385user/Documents/ece385/lab4/lab3.srcs/constrs_1/imports/pin_assignment/top.xdc:164]
CRITICAL WARNING: [Common 17-55] 'set_property' expects at least one object. [/home/ece385user/Documents/ece385/lab4/lab3.srcs/constrs_1/imports/pin_assignment/top.xdc:164]
Resolution: If [get_<value>] was used to populate the object, check to make sure this command returns at least one valid object.
WARNING: [Vivado 12-507] No nets matched 'Aout_OBUF[5]'. [/home/ece385user/Documents/ece385/lab4/lab3.srcs/constrs_1/imports/pin_assignment/top.xdc:165]
CRITICAL WARNING: [Common 17-55] 'set_property' expects at least one object. [/home/ece385user/Documents/ece385/lab4/lab3.srcs/constrs_1/imports/pin_assignment/top.xdc:165]
Resolution: If [get_<value>] was used to populate the object, check to make sure this command returns at least one valid object.
WARNING: [Vivado 12-507] No nets matched 'Aout_OBUF[6]'. [/home/ece385user/Documents/ece385/lab4/lab3.srcs/constrs_1/imports/pin_assignment/top.xdc:166]
CRITICAL WARNING: [Common 17-55] 'set_property' expects at least one object. [/home/ece385user/Documents/ece385/lab4/lab3.srcs/constrs_1/imports/pin_assignment/top.xdc:166]
Resolution: If [get_<value>] was used to populate the object, check to make sure this command returns at least one valid object.
WARNING: [Vivado 12-507] No nets matched 'Aout_OBUF[7]'. [/home/ece385user/Documents/ece385/lab4/lab3.srcs/constrs_1/imports/pin_assignment/top.xdc:167]
CRITICAL WARNING: [Common 17-55] 'set_property' expects at least one object. [/home/ece385user/Documents/ece385/lab4/lab3.srcs/constrs_1/imports/pin_assignment/top.xdc:167]
Resolution: If [get_<value>] was used to populate the object, check to make sure this command returns at least one valid object.
WARNING: [Vivado 12-507] No nets matched 'Aout_OBUF[0]'. [/home/ece385user/Documents/ece385/lab4/lab3.srcs/constrs_1/imports/pin_assignment/top.xdc:168]
CRITICAL WARNING: [Common 17-55] 'set_property' expects at least one object. [/home/ece385user/Documents/ece385/lab4/lab3.srcs/constrs_1/imports/pin_assignment/top.xdc:168]
Resolution: If [get_<value>] was used to populate the object, check to make sure this command returns at least one valid object.
WARNING: [Vivado 12-507] No nets matched 'Bout_OBUF[0]'. [/home/ece385user/Documents/ece385/lab4/lab3.srcs/constrs_1/imports/pin_assignment/top.xdc:169]
CRITICAL WARNING: [Common 17-55] 'set_property' expects at least one object. [/home/ece385user/Documents/ece385/lab4/lab3.srcs/constrs_1/imports/pin_assignment/top.xdc:169]
Resolution: If [get_<value>] was used to populate the object, check to make sure this command returns at least one valid object.
WARNING: [Vivado 12-507] No nets matched 'Bout_OBUF[1]'. [/home/ece385user/Documents/ece385/lab4/lab3.srcs/constrs_1/imports/pin_assignment/top.xdc:170]
CRITICAL WARNING: [Common 17-55] 'set_property' expects at least one object. [/home/ece385user/Documents/ece385/lab4/lab3.srcs/constrs_1/imports/pin_assignment/top.xdc:170]
Resolution: If [get_<value>] was used to populate the object, check to make sure this command returns at least one valid object.
WARNING: [Vivado 12-507] No nets matched 'Bout_OBUF[3]'. [/home/ece385user/Documents/ece385/lab4/lab3.srcs/constrs_1/imports/pin_assignment/top.xdc:171]
CRITICAL WARNING: [Common 17-55] 'set_property' expects at least one object. [/home/ece385user/Documents/ece385/lab4/lab3.srcs/constrs_1/imports/pin_assignment/top.xdc:171]
Resolution: If [get_<value>] was used to populate the object, check to make sure this command returns at least one valid object.
WARNING: [Vivado 12-507] No nets matched 'Bout_OBUF[4]'. [/home/ece385user/Documents/ece385/lab4/lab3.srcs/constrs_1/imports/pin_assignment/top.xdc:172]
CRITICAL WARNING: [Common 17-55] 'set_property' expects at least one object. [/home/ece385user/Documents/ece385/lab4/lab3.srcs/constrs_1/imports/pin_assignment/top.xdc:172]
Resolution: If [get_<value>] was used to populate the object, check to make sure this command returns at least one valid object.
WARNING: [Vivado 12-507] No nets matched 'Bout_OBUF[5]'. [/home/ece385user/Documents/ece385/lab4/lab3.srcs/constrs_1/imports/pin_assignment/top.xdc:173]
CRITICAL WARNING: [Common 17-55] 'set_property' expects at least one object. [/home/ece385user/Documents/ece385/lab4/lab3.srcs/constrs_1/imports/pin_assignment/top.xdc:173]
Resolution: If [get_<value>] was used to populate the object, check to make sure this command returns at least one valid object.
WARNING: [Vivado 12-507] No nets matched 'Bout_OBUF[6]'. [/home/ece385user/Documents/ece385/lab4/lab3.srcs/constrs_1/imports/pin_assignment/top.xdc:174]
CRITICAL WARNING: [Common 17-55] 'set_property' expects at least one object. [/home/ece385user/Documents/ece385/lab4/lab3.srcs/constrs_1/imports/pin_assignment/top.xdc:174]
Resolution: If [get_<value>] was used to populate the object, check to make sure this command returns at least one valid object.
WARNING: [Vivado 12-507] No nets matched 'Bout_OBUF[7]'. [/home/ece385user/Documents/ece385/lab4/lab3.srcs/constrs_1/imports/pin_assignment/top.xdc:175]
CRITICAL WARNING: [Common 17-55] 'set_property' expects at least one object. [/home/ece385user/Documents/ece385/lab4/lab3.srcs/constrs_1/imports/pin_assignment/top.xdc:175]
Resolution: If [get_<value>] was used to populate the object, check to make sure this command returns at least one valid object.
WARNING: [Vivado 12-507] No nets matched 'Bout_OBUF[2]'. [/home/ece385user/Documents/ece385/lab4/lab3.srcs/constrs_1/imports/pin_assignment/top.xdc:176]
CRITICAL WARNING: [Common 17-55] 'set_property' expects at least one object. [/home/ece385user/Documents/ece385/lab4/lab3.srcs/constrs_1/imports/pin_assignment/top.xdc:176]
Resolution: If [get_<value>] was used to populate the object, check to make sure this command returns at least one valid object.
WARNING: [Vivado 12-507] No nets matched 'reset_loadB_clearA_IBUF'. [/home/ece385user/Documents/ece385/lab4/lab3.srcs/constrs_1/imports/pin_assignment/top.xdc:178]
CRITICAL WARNING: [Common 17-55] 'set_property' expects at least one object. [/home/ece385user/Documents/ece385/lab4/lab3.srcs/constrs_1/imports/pin_assignment/top.xdc:178]
Resolution: If [get_<value>] was used to populate the object, check to make sure this command returns at least one valid object.
WARNING: [Vivado 12-507] No nets matched 'counter/curr_state__0[1]'. [/home/ece385user/Documents/ece385/lab4/lab3.srcs/constrs_1/imports/pin_assignment/top.xdc:183]
CRITICAL WARNING: [Common 17-55] 'set_property' expects at least one object. [/home/ece385user/Documents/ece385/lab4/lab3.srcs/constrs_1/imports/pin_assignment/top.xdc:183]
Resolution: If [get_<value>] was used to populate the object, check to make sure this command returns at least one valid object.
WARNING: [Vivado 12-507] No nets matched 'counter/curr_state__0[0]'. [/home/ece385user/Documents/ece385/lab4/lab3.srcs/constrs_1/imports/pin_assignment/top.xdc:184]
CRITICAL WARNING: [Common 17-55] 'set_property' expects at least one object. [/home/ece385user/Documents/ece385/lab4/lab3.srcs/constrs_1/imports/pin_assignment/top.xdc:184]
Resolution: If [get_<value>] was used to populate the object, check to make sure this command returns at least one valid object.
WARNING: [Vivado 12-507] No nets matched 'counter/curr_state__0[3]'. [/home/ece385user/Documents/ece385/lab4/lab3.srcs/constrs_1/imports/pin_assignment/top.xdc:185]
CRITICAL WARNING: [Common 17-55] 'set_property' expects at least one object. [/home/ece385user/Documents/ece385/lab4/lab3.srcs/constrs_1/imports/pin_assignment/top.xdc:185]
Resolution: If [get_<value>] was used to populate the object, check to make sure this command returns at least one valid object.
WARNING: [Vivado 12-507] No nets matched 'counter/curr_state__0[2]'. [/home/ece385user/Documents/ece385/lab4/lab3.srcs/constrs_1/imports/pin_assignment/top.xdc:186]
CRITICAL WARNING: [Common 17-55] 'set_property' expects at least one object. [/home/ece385user/Documents/ece385/lab4/lab3.srcs/constrs_1/imports/pin_assignment/top.xdc:186]
Resolution: If [get_<value>] was used to populate the object, check to make sure this command returns at least one valid object.
Finished Parsing XDC File [/home/ece385user/Documents/ece385/lab4/lab3.srcs/constrs_1/imports/pin_assignment/top.xdc]
INFO: [Project 1-236] Implementation specific constraints were found while reading constraint file [/home/ece385user/Documents/ece385/lab4/lab3.srcs/constrs_1/imports/pin_assignment/top.xdc]. These constraints will be ignored for synthesis but will be used in implementation. Impacted constraints are listed in the file [.Xil/multiplier_toplevel_propImpl.xdc].
Resolution: To avoid this warning, move constraints listed in [.Xil/multiplier_toplevel_propImpl.xdc] to another XDC file and exclude this new file from synthesis with the used_in_synthesis property (File Properties dialog in GUI) and re-run elaboration/synthesis.
Completed Processing XDC Constraints

Netlist sorting complete. Time (s): cpu = 00:00:00 ; elapsed = 00:00:00 . Memory (MB): peak = 2273.770 ; gain = 0.000 ; free physical = 5247 ; free virtual = 10566
INFO: [Project 1-111] Unisim Transformation Summary:
No Unisim elements were transformed.

Constraint Validation Runtime : Time (s): cpu = 00:00:00 ; elapsed = 00:00:00 . Memory (MB): peak = 2273.770 ; gain = 0.000 ; free physical = 5247 ; free virtual = 10566
INFO: [Designutils 20-5440] No compile time benefit to using incremental synthesis; A full resynthesis will be run
INFO: [Designutils 20-4379] Flow is switching to default flow due to incremental criteria not met. If you would like to alter this behaviour and have the flow terminate instead, please set the following parameter config_implementation {autoIncr.Synth.RejectBehavior Terminate}
INFO: [Synth 8-11241] undeclared symbol 'REGCCE', assumed default net type 'wire' [/tools/Xilinx/Vivado/2022.2/data/verilog/src/unimacro/BRAM_SINGLE_MACRO.v:2170]
---------------------------------------------------------------------------------
Finished Constraint Validation : Time (s): cpu = 00:00:09 ; elapsed = 00:00:10 . Memory (MB): peak = 2273.770 ; gain = 611.270 ; free physical = 5261 ; free virtual = 10579
Synthesis current peak Physical Memory [PSS] (MB): peak = 1453.154; parent = 1248.701; children = 204.453
Synthesis current peak Virtual Memory [VSS] (MB): peak = 3216.641; parent = 2241.758; children = 974.883
---------------------------------------------------------------------------------
---------------------------------------------------------------------------------
Start Loading Part and Timing Information
---------------------------------------------------------------------------------
Loading part: xc7s50csga324-1
---------------------------------------------------------------------------------
Finished Loading Part and Timing Information : Time (s): cpu = 00:00:09 ; elapsed = 00:00:10 . Memory (MB): peak = 2273.770 ; gain = 611.270 ; free physical = 5261 ; free virtual = 10579
Synthesis current peak Physical Memory [PSS] (MB): peak = 1453.154; parent = 1248.701; children = 204.453
Synthesis current peak Virtual Memory [VSS] (MB): peak = 3216.641; parent = 2241.758; children = 974.883
---------------------------------------------------------------------------------
---------------------------------------------------------------------------------
Start Applying 'set_property' XDC Constraints
---------------------------------------------------------------------------------
Applied set_property MARK_DEBUG = true for A_load. (constraint file  /home/ece385user/Documents/ece385/lab4/lab3.srcs/constrs_1/imports/pin_assignment/top.xdc, line 177).
Applied set_property MARK_DEBUG = true for controlMachine/curr_state[1]. (constraint file  /home/ece385user/Documents/ece385/lab4/lab3.srcs/constrs_1/imports/pin_assignment/top.xdc, line 180).
---------------------------------------------------------------------------------
Finished applying 'set_property' XDC Constraints : Time (s): cpu = 00:00:09 ; elapsed = 00:00:10 . Memory (MB): peak = 2273.770 ; gain = 611.270 ; free physical = 5261 ; free virtual = 10580
Synthesis current peak Physical Memory [PSS] (MB): peak = 1453.154; parent = 1248.701; children = 204.453
Synthesis current peak Virtual Memory [VSS] (MB): peak = 3216.641; parent = 2241.758; children = 974.883
---------------------------------------------------------------------------------
INFO: [Synth 8-802] inferred FSM for state register 'curr_state_reg' in module 'ShiftCounter'
INFO: [Synth 8-802] inferred FSM for state register 'curr_state_reg' in module 'control'
INFO: [Synth 8-6071] Mark debug on the nets applies keep_hierarchy on instance 'controlMachine'. This will prevent further optimization [/home/ece385user/Documents/ece385/lab4/lab3.srcs/sources_1/new/multiplier_toplevel.sv:125]
INFO: [Synth 8-6071] Mark debug on the nets applies keep_hierarchy on instance 'regA'. This will prevent further optimization [/home/ece385user/Documents/ece385/lab4/lab3.srcs/sources_1/new/multiplier_toplevel.sv:63]
INFO: [Synth 8-6071] Mark debug on the nets applies keep_hierarchy on instance 'regX'. This will prevent further optimization [/home/ece385user/Documents/ece385/lab4/lab3.srcs/sources_1/new/multiplier_toplevel.sv:72]
WARNING: [Synth 8-327] inferring latch for variable 'ShiftCount_reg' [/home/ece385user/Documents/ece385/lab4/lab3.srcs/sources_1/new/ShiftCounter.sv:30]
---------------------------------------------------------------------------------------------------
                   State |                     New Encoding |                Previous Encoding 
---------------------------------------------------------------------------------------------------
                s_count0 |                             0000 |                             0000
                s_count1 |                             0001 |                             0001
                s_count2 |                             0010 |                             0010
                s_count3 |                             0011 |                             0011
                s_count4 |                             0100 |                             0100
                s_count5 |                             0101 |                             0101
                s_count6 |                             0110 |                             0110
                s_count7 |                             0111 |                             0111
                s_count8 |                             1000 |                             1000
---------------------------------------------------------------------------------------------------
INFO: [Synth 8-3354] encoded FSM with state register 'curr_state_reg' using encoding 'sequential' in module 'ShiftCounter'
INFO: [Synth 8-6159] Found Keep on FSM register 'curr_state_reg' in module 'control', re-encoding will not be performed
---------------------------------------------------------------------------------------------------
                   State |                     New Encoding |                Previous Encoding 
---------------------------------------------------------------------------------------------------
*
                  s_idle |                             0000 |                             0000
                 s_clear |                             0100 |                             0100
                 s_shift |                             0010 |                             0010
                   s_add |                             0001 |                             0001
                  s_done |                             0011 |                             0011
---------------------------------------------------------------------------------------------------
WARNING: [Synth 8-327] inferring latch for variable 'shift_reg' [/home/ece385user/Documents/ece385/lab4/lab3.srcs/sources_1/new/control.sv:35]
WARNING: [Synth 8-327] inferring latch for variable 'LoadA_reg' [/home/ece385user/Documents/ece385/lab4/lab3.srcs/sources_1/new/control.sv:33]
WARNING: [Synth 8-327] inferring latch for variable 'LoadB_reg' [/home/ece385user/Documents/ece385/lab4/lab3.srcs/sources_1/new/control.sv:34]
---------------------------------------------------------------------------------
Finished RTL Optimization Phase 2 : Time (s): cpu = 00:00:09 ; elapsed = 00:00:11 . Memory (MB): peak = 2273.770 ; gain = 611.270 ; free physical = 5261 ; free virtual = 10580
Synthesis current peak Physical Memory [PSS] (MB): peak = 1453.154; parent = 1248.701; children = 204.453
Synthesis current peak Virtual Memory [VSS] (MB): peak = 3216.641; parent = 2241.758; children = 974.883
---------------------------------------------------------------------------------
---------------------------------------------------------------------------------
Start RTL Component Statistics 
---------------------------------------------------------------------------------
Detailed RTL Component Info : 
+---XORs : 
	   3 Input      1 Bit         XORs := 56    
	   2 Input      1 Bit         XORs := 10    
+---Registers : 
	                8 Bit    Registers := 2     
	                3 Bit    Registers := 1     
	                1 Bit    Registers := 30    
+---Muxes : 
	   2 Input    8 Bit        Muxes := 5     
	   4 Input    8 Bit        Muxes := 1     
	   5 Input    4 Bit        Muxes := 1     
	   9 Input    4 Bit        Muxes := 2     
	   2 Input    3 Bit        Muxes := 3     
	   6 Input    3 Bit        Muxes := 1     
	   2 Input    2 Bit        Muxes := 4     
	   2 Input    1 Bit        Muxes := 7     
	   9 Input    1 Bit        Muxes := 1     
	   6 Input    1 Bit        Muxes := 3     
	   7 Input    1 Bit        Muxes := 1     
---------------------------------------------------------------------------------
Finished RTL Component Statistics 
---------------------------------------------------------------------------------
---------------------------------------------------------------------------------
Start Part Resource Summary
---------------------------------------------------------------------------------
Part Resources:
DSPs: 120 (col length:60)
BRAMs: 150 (col length: RAMB18 60 RAMB36 30)
---------------------------------------------------------------------------------
Finished Part Resource Summary
---------------------------------------------------------------------------------
---------------------------------------------------------------------------------
Start Cross Boundary and Area Optimization
---------------------------------------------------------------------------------
WARNING: [Synth 8-7080] Parallel synthesis criteria is not met
WARNING: [Synth 8-3917] design multiplier_toplevel has port hex_seg[7] driven by constant 1
WARNING: [Synth 8-3332] Sequential element (LoadB_reg) is unused and will be removed from module control.
---------------------------------------------------------------------------------
Finished Cross Boundary and Area Optimization : Time (s): cpu = 00:00:11 ; elapsed = 00:00:12 . Memory (MB): peak = 2273.770 ; gain = 611.270 ; free physical = 5259 ; free virtual = 10583
Synthesis current peak Physical Memory [PSS] (MB): peak = 1453.154; parent = 1248.701; children = 204.453
Synthesis current peak Virtual Memory [VSS] (MB): peak = 3216.641; parent = 2241.758; children = 974.883
---------------------------------------------------------------------------------
---------------------------------------------------------------------------------
Start Applying XDC Timing Constraints
---------------------------------------------------------------------------------
---------------------------------------------------------------------------------
Finished Applying XDC Timing Constraints : Time (s): cpu = 00:00:14 ; elapsed = 00:00:16 . Memory (MB): peak = 2273.770 ; gain = 611.270 ; free physical = 5215 ; free virtual = 10539
Synthesis current peak Physical Memory [PSS] (MB): peak = 1551.798; parent = 1347.387; children = 204.453
Synthesis current peak Virtual Memory [VSS] (MB): peak = 3216.641; parent = 2241.758; children = 974.883
---------------------------------------------------------------------------------
---------------------------------------------------------------------------------
Start Timing Optimization
---------------------------------------------------------------------------------
---------------------------------------------------------------------------------
Finished Timing Optimization : Time (s): cpu = 00:00:15 ; elapsed = 00:00:16 . Memory (MB): peak = 2273.770 ; gain = 611.270 ; free physical = 5190 ; free virtual = 10513
Synthesis current peak Physical Memory [PSS] (MB): peak = 1556.021; parent = 1351.609; children = 204.453
Synthesis current peak Virtual Memory [VSS] (MB): peak = 3216.641; parent = 2241.758; children = 974.883
---------------------------------------------------------------------------------
---------------------------------------------------------------------------------
Start Technology Mapping
---------------------------------------------------------------------------------
---------------------------------------------------------------------------------
Finished Technology Mapping : Time (s): cpu = 00:00:15 ; elapsed = 00:00:17 . Memory (MB): peak = 2273.770 ; gain = 611.270 ; free physical = 5190 ; free virtual = 10513
Synthesis current peak Physical Memory [PSS] (MB): peak = 1556.021; parent = 1351.609; children = 204.453
Synthesis current peak Virtual Memory [VSS] (MB): peak = 3216.641; parent = 2241.758; children = 974.883
---------------------------------------------------------------------------------
---------------------------------------------------------------------------------
Start IO Insertion
---------------------------------------------------------------------------------
---------------------------------------------------------------------------------
Start Flattening Before IO Insertion
---------------------------------------------------------------------------------
---------------------------------------------------------------------------------
Finished Flattening Before IO Insertion
---------------------------------------------------------------------------------
---------------------------------------------------------------------------------
Start Final Netlist Cleanup
---------------------------------------------------------------------------------
---------------------------------------------------------------------------------
Finished Final Netlist Cleanup
---------------------------------------------------------------------------------
---------------------------------------------------------------------------------
Finished IO Insertion : Time (s): cpu = 00:00:18 ; elapsed = 00:00:20 . Memory (MB): peak = 2273.770 ; gain = 611.270 ; free physical = 5196 ; free virtual = 10519
Synthesis current peak Physical Memory [PSS] (MB): peak = 1556.021; parent = 1351.609; children = 204.453
Synthesis current peak Virtual Memory [VSS] (MB): peak = 3216.641; parent = 2241.758; children = 974.883
---------------------------------------------------------------------------------
---------------------------------------------------------------------------------
Start Renaming Generated Instances
---------------------------------------------------------------------------------
---------------------------------------------------------------------------------
Finished Renaming Generated Instances : Time (s): cpu = 00:00:18 ; elapsed = 00:00:20 . Memory (MB): peak = 2273.770 ; gain = 611.270 ; free physical = 5196 ; free virtual = 10519
Synthesis current peak Physical Memory [PSS] (MB): peak = 1556.021; parent = 1351.609; children = 204.453
Synthesis current peak Virtual Memory [VSS] (MB): peak = 3216.641; parent = 2241.758; children = 974.883
---------------------------------------------------------------------------------
---------------------------------------------------------------------------------
Start Rebuilding User Hierarchy
---------------------------------------------------------------------------------
---------------------------------------------------------------------------------
Finished Rebuilding User Hierarchy : Time (s): cpu = 00:00:18 ; elapsed = 00:00:20 . Memory (MB): peak = 2273.770 ; gain = 611.270 ; free physical = 5197 ; free virtual = 10521
Synthesis current peak Physical Memory [PSS] (MB): peak = 1556.021; parent = 1351.609; children = 204.453
Synthesis current peak Virtual Memory [VSS] (MB): peak = 3216.641; parent = 2241.758; children = 974.883
---------------------------------------------------------------------------------
---------------------------------------------------------------------------------
Start Renaming Generated Ports
---------------------------------------------------------------------------------
---------------------------------------------------------------------------------
Finished Renaming Generated Ports : Time (s): cpu = 00:00:18 ; elapsed = 00:00:20 . Memory (MB): peak = 2273.770 ; gain = 611.270 ; free physical = 5197 ; free virtual = 10521
Synthesis current peak Physical Memory [PSS] (MB): peak = 1556.021; parent = 1351.609; children = 204.453
Synthesis current peak Virtual Memory [VSS] (MB): peak = 3216.641; parent = 2241.758; children = 974.883
---------------------------------------------------------------------------------
---------------------------------------------------------------------------------
Start Handling Custom Attributes
---------------------------------------------------------------------------------
---------------------------------------------------------------------------------
Finished Handling Custom Attributes : Time (s): cpu = 00:00:18 ; elapsed = 00:00:20 . Memory (MB): peak = 2273.770 ; gain = 611.270 ; free physical = 5197 ; free virtual = 10521
Synthesis current peak Physical Memory [PSS] (MB): peak = 1556.021; parent = 1351.609; children = 204.453
Synthesis current peak Virtual Memory [VSS] (MB): peak = 3216.641; parent = 2241.758; children = 974.883
---------------------------------------------------------------------------------
---------------------------------------------------------------------------------
Start Renaming Generated Nets
---------------------------------------------------------------------------------
---------------------------------------------------------------------------------
Finished Renaming Generated Nets : Time (s): cpu = 00:00:18 ; elapsed = 00:00:20 . Memory (MB): peak = 2273.770 ; gain = 611.270 ; free physical = 5197 ; free virtual = 10521
Synthesis current peak Physical Memory [PSS] (MB): peak = 1556.021; parent = 1351.609; children = 204.453
Synthesis current peak Virtual Memory [VSS] (MB): peak = 3216.641; parent = 2241.758; children = 974.883
---------------------------------------------------------------------------------
---------------------------------------------------------------------------------
Start Writing Synthesis Report
---------------------------------------------------------------------------------

Report BlackBoxes: 
+-+--------------+----------+
| |BlackBox name |Instances |
+-+--------------+----------+
+-+--------------+----------+

Report Cell Usage: 
+------+-------+------+
|      |Cell   |Count |
+------+-------+------+
|1     |BUFG   |     1|
|2     |CARRY4 |    45|
|3     |LUT1   |    21|
|4     |LUT2   |    20|
|5     |LUT3   |    10|
|6     |LUT4   |    41|
|7     |LUT5   |    30|
|8     |LUT6   |    23|
|9     |FDRE   |   232|
|10    |LD     |     6|
|11    |IBUF   |    11|
|12    |OBUF   |    29|
+------+-------+------+
---------------------------------------------------------------------------------
Finished Writing Synthesis Report : Time (s): cpu = 00:00:18 ; elapsed = 00:00:20 . Memory (MB): peak = 2273.770 ; gain = 611.270 ; free physical = 5197 ; free virtual = 10521
Synthesis current peak Physical Memory [PSS] (MB): peak = 1556.021; parent = 1351.609; children = 204.453
Synthesis current peak Virtual Memory [VSS] (MB): peak = 3216.641; parent = 2241.758; children = 974.883
---------------------------------------------------------------------------------
Synthesis finished with 0 errors, 0 critical warnings and 7 warnings.
Synthesis Optimization Runtime : Time (s): cpu = 00:00:16 ; elapsed = 00:00:19 . Memory (MB): peak = 2273.770 ; gain = 457.520 ; free physical = 5223 ; free virtual = 10546
Synthesis Optimization Complete : Time (s): cpu = 00:00:18 ; elapsed = 00:00:20 . Memory (MB): peak = 2273.770 ; gain = 611.270 ; free physical = 5223 ; free virtual = 10546
INFO: [Project 1-571] Translating synthesized netlist
Netlist sorting complete. Time (s): cpu = 00:00:00 ; elapsed = 00:00:00 . Memory (MB): peak = 2273.770 ; gain = 0.000 ; free physical = 5338 ; free virtual = 10662
INFO: [Netlist 29-17] Analyzing 51 Unisim elements for replacement
INFO: [Netlist 29-28] Unisim Transformation completed in 0 CPU seconds
INFO: [Project 1-570] Preparing netlist for logic optimization
INFO: [Opt 31-138] Pushed 0 inverter(s) to 0 load pin(s).
Netlist sorting complete. Time (s): cpu = 00:00:00 ; elapsed = 00:00:00 . Memory (MB): peak = 2273.770 ; gain = 0.000 ; free physical = 5324 ; free virtual = 10648
INFO: [Project 1-111] Unisim Transformation Summary:
  A total of 6 instances were transformed.
  LD => LDCE: 6 instances

Synth Design complete, checksum: 4ac9be8a
INFO: [Common 17-83] Releasing license: Synthesis
71 Infos, 109 Warnings, 92 Critical Warnings and 4 Errors encountered.
synth_design completed successfully
synth_design: Time (s): cpu = 00:00:23 ; elapsed = 00:00:23 . Memory (MB): peak = 2273.770 ; gain = 869.488 ; free physical = 5480 ; free virtual = 10803
INFO: [Common 17-600] The following parameters have non-default value.
tcl.collectionResultDisplayLimit
INFO: [runtcl-6] Synthesis results are not added to the cache due to CRITICAL_WARNING
INFO: [Common 17-1381] The checkpoint '/home/ece385user/Documents/ece385/lab4/lab3.runs/synth_1/multiplier_toplevel.dcp' has been generated.
INFO: [runtcl-4] Executing : report_utilization -file multiplier_toplevel_utilization_synth.rpt -pb multiplier_toplevel_utilization_synth.pb
INFO: [Common 17-206] Exiting Vivado at Tue Feb 17 00:29:15 2026...
